This is pdfTeX, Version 3.141592653-2.6-1.40.26 (MiKTeX 24.4) (preloaded format=pdflatex 2024.12.8)  18 JUL 2025 13:08
entering extended mode
 restricted \write18 enabled.
 file:line:error style messages enabled.
 %&-line parsing enabled.
**c:/Users/leoli/CodingStuff/latex/AstroQuestions/京粤联赛/京粤联赛.tex
(c:/Users/leoli/CodingStuff/latex/AstroQuestions/京粤联赛/京粤联赛.tex
LaTeX2e <2024-11-01>
L3 programming layer <2024-11-02>
(C:\Users\leoli\AppData\Local\Programs\MiKTeX\tex/latex/ctex\ctexart.cls (C:\Users\leoli\AppData\Local\Programs\MiKTeX\tex/latex/ctex/config\ctexbackend.cfg
File: ctexbackend.cfg 2022/07/14 v2.5.10 Backend configuration file (CTEX)
) (C:\Users\leoli\AppData\Local\Programs\MiKTeX\tex/latex/l3kernel\expl3.sty
Package: expl3 2024-11-02 L3 programming layer (loader) 
 (C:\Users\leoli\AppData\Local\Programs\MiKTeX\tex/latex/l3backend\l3backend-pdftex.def
File: l3backend-pdftex.def 2024-05-08 L3 backend support: PDF output (pdfTeX)
\l__color_backend_stack_int=\count196
\l__pdf_internal_box=\box52
))
Document Class: ctexart 2022/07/14 v2.5.10 Chinese adapter for class article (CTEX)
(C:\Users\leoli\AppData\Local\Programs\MiKTeX\tex/latex/ctex\ctexhook.sty
Package: ctexhook 2022/07/14 v2.5.10 Document and package hooks (CTEX)
) (C:\Users\leoli\AppData\Local\Programs\MiKTeX\tex/latex/ctex\ctexpatch.sty
Package: ctexpatch 2022/07/14 v2.5.10 Patching commands (CTEX)
) (C:\Users\leoli\AppData\Local\Programs\MiKTeX\tex/latex/base\fix-cm.sty
Package: fix-cm 2020/11/24 v1.1t fixes to LaTeX
 (C:\Users\leoli\AppData\Local\Programs\MiKTeX\tex/latex/base\ts1enc.def
File: ts1enc.def 2001/06/05 v3.0e (jk/car/fm) Standard LaTeX file
LaTeX Font Info:    Redeclaring font encoding TS1 on input line 47.
))
\l__ctex_tmp_int=\count197
\l__ctex_tmp_box=\box53
\l__ctex_tmp_dim=\dimen141
\g__ctex_section_depth_int=\count198
\g__ctex_font_size_int=\count199
 (C:\Users\leoli\AppData\Local\Programs\MiKTeX\tex/latex/ctex/config\ctexopts.cfg
File: ctexopts.cfg 2022/07/14 v2.5.10 Option configuration file (CTEX)
) (C:\Users\leoli\AppData\Local\Programs\MiKTeX\tex/latex/base\article.cls
Document Class: article 2024/06/29 v1.4n Standard LaTeX document class
(C:\Users\leoli\AppData\Local\Programs\MiKTeX\tex/latex/base\size10.clo
File: size10.clo 2024/06/29 v1.4n Standard LaTeX file (size option)
)
\c@part=\count266
\c@section=\count267
\c@subsection=\count268
\c@subsubsection=\count269
\c@paragraph=\count270
\c@subparagraph=\count271
\c@figure=\count272
\c@table=\count273
\abovecaptionskip=\skip49
\belowcaptionskip=\skip50
\bibindent=\dimen142
) (C:\Users\leoli\AppData\Local\Programs\MiKTeX\tex/latex/ctex/engine\ctex-engine-pdftex.def
File: ctex-engine-pdftex.def 2022/07/14 v2.5.10 (pdf)LaTeX adapter (CTEX)
 (C:\Users\leoli\AppData\Local\Programs\MiKTeX\tex/latex/cjk\CJKutf8.sty
Package: CJKutf8 2021/10/16 4.8.5
 (C:\Users\leoli\AppData\Local\Programs\MiKTeX\tex/generic/iftex\ifpdf.sty
Package: ifpdf 2019/10/25 v3.4 ifpdf legacy package. Use iftex instead.
 (C:\Users\leoli\AppData\Local\Programs\MiKTeX\tex/generic/iftex\iftex.sty
Package: iftex 2022/02/03 v1.0f TeX engine tests
)) (C:\Users\leoli\AppData\Local\Programs\MiKTeX\tex/latex/base\inputenc.sty
Package: inputenc 2024/02/08 v1.3d Input encoding file
\inpenc@prehook=\toks17
\inpenc@posthook=\toks18
) (C:\Users\leoli\AppData\Local\Programs\MiKTeX\tex/latex/cjk\CJK.sty
Package: CJK 2021/10/16 4.8.5
 (C:\Users\leoli\AppData\Local\Programs\MiKTeX\tex/latex/cjk/mule\MULEenc.sty
Package: MULEenc 2021/10/16 4.8.5
) (C:\Users\leoli\AppData\Local\Programs\MiKTeX\tex/latex/cjk\CJK.enc
File: CJK.enc 2021/10/16 4.8.5
Now handling font encoding C00 ...
... no UTF-8 mapping file for font encoding C00
Now handling font encoding C05 ...
... no UTF-8 mapping file for font encoding C05
Now handling font encoding C09 ...
... no UTF-8 mapping file for font encoding C09
Now handling font encoding C10 ...
... no UTF-8 mapping file for font encoding C10
Now handling font encoding C20 ...
... no UTF-8 mapping file for font encoding C20
Now handling font encoding C19 ...
... no UTF-8 mapping file for font encoding C19
Now handling font encoding C40 ...
... no UTF-8 mapping file for font encoding C40
Now handling font encoding C42 ...
... no UTF-8 mapping file for font encoding C42
Now handling font encoding C43 ...
... no UTF-8 mapping file for font encoding C43
Now handling font encoding C50 ...
... no UTF-8 mapping file for font encoding C50
Now handling font encoding C52 ...
... no UTF-8 mapping file for font encoding C52
Now handling font encoding C49 ...
... no UTF-8 mapping file for font encoding C49
Now handling font encoding C60 ...
... no UTF-8 mapping file for font encoding C60
Now handling font encoding C61 ...
... no UTF-8 mapping file for font encoding C61
Now handling font encoding C63 ...
... no UTF-8 mapping file for font encoding C63
Now handling font encoding C64 ...
... no UTF-8 mapping file for font encoding C64
Now handling font encoding C65 ...
... no UTF-8 mapping file for font encoding C65
Now handling font encoding C70 ...
... no UTF-8 mapping file for font encoding C70
Now handling font encoding C31 ...
... no UTF-8 mapping file for font encoding C31
Now handling font encoding C32 ...
... no UTF-8 mapping file for font encoding C32
Now handling font encoding C33 ...
... no UTF-8 mapping file for font encoding C33
Now handling font encoding C34 ...
... no UTF-8 mapping file for font encoding C34
Now handling font encoding C35 ...
... no UTF-8 mapping file for font encoding C35
Now handling font encoding C36 ...
... no UTF-8 mapping file for font encoding C36
Now handling font encoding C37 ...
... no UTF-8 mapping file for font encoding C37
Now handling font encoding C80 ...
... no UTF-8 mapping file for font encoding C80
Now handling font encoding C81 ...
... no UTF-8 mapping file for font encoding C81
Now handling font encoding C01 ...
... no UTF-8 mapping file for font encoding C01
Now handling font encoding C11 ...
... no UTF-8 mapping file for font encoding C11
Now handling font encoding C21 ...
... no UTF-8 mapping file for font encoding C21
Now handling font encoding C41 ...
... no UTF-8 mapping file for font encoding C41
Now handling font encoding C62 ...
... no UTF-8 mapping file for font encoding C62
)
\CJK@indent=\box54
) (C:\Users\leoli\AppData\Local\Programs\MiKTeX\tex/latex/base\fontenc.sty
Package: fontenc 2021/04/29 v2.0v Standard LaTeX package
)) (C:\Users\leoli\AppData\Local\Programs\MiKTeX\tex/latex/cjkpunct\CJKpunct.sty
Package: CJKpunct 2016/05/14 4.8.4
\CJKpunct@cnta=\count274
\CJKpunct@cntb=\count275
\CJKpunct@cntc=\count276
\CJKpunct@cntd=\count277
\CJKpunct@cnte=\count278
   defining Unicode char U+2018 (decimal 8216)
   defining Unicode char U+2019 (decimal 8217)
   defining Unicode char U+201C (decimal 8220)
   defining Unicode char U+201D (decimal 8221)
   defining Unicode char U+2014 (decimal 8212)
   defining Unicode char U+2026 (decimal 8230)
 (C:\Users\leoli\AppData\Local\Programs\MiKTeX\tex/latex/cjkpunct\CJKpunct.spa)) (C:\Users\leoli\AppData\Local\Programs\MiKTeX\tex/latex/cjk\CJKspace.sty
Package: CJKspace 2021/10/16 3.8.0
) (C:\Users\leoli\AppData\Local\Programs\MiKTeX\tex/latex/cjk/UTF8\UTF8.bdg
File: UTF8.bdg 2021/10/16 4.8.5
) (C:\Users\leoli\AppData\Local\Programs\MiKTeX\tex/latex/ctex\ctexspa.def
File: ctexspa.def 2022/07/14 v2.5.10 Space info for CJKpunct (CTEX)
)
\ccwd=\dimen143
\l__ctex_ccglue_skip=\skip51
)
\l__ctex_ziju_dim=\dimen144
 (C:\Users\leoli\AppData\Local\Programs\MiKTeX\tex/latex/zhnumber\zhnumber.sty
Package: zhnumber 2022/07/14 v3.0 Typesetting numbers with Chinese glyphs
\l__zhnum_scale_int=\count279
\l__zhnum_tmp_int=\count280
 (C:\Users\leoli\AppData\Local\Programs\MiKTeX\tex/latex/zhnumber\zhnumber-utf8.cfg
File: zhnumber-utf8.cfg 2022/07/14 v3.0 Chinese numerals with UTF8 encoding
))
\l__ctex_heading_skip=\skip52
 (C:\Users\leoli\AppData\Local\Programs\MiKTeX\tex/latex/ctex/scheme\ctex-scheme-chinese-article.def
File: ctex-scheme-chinese-article.def 2022/07/14 v2.5.10 Chinese scheme for article (CTEX)
 (C:\Users\leoli\AppData\Local\Programs\MiKTeX\tex/latex/ctex/config\ctex-name-utf8.cfg
File: ctex-name-utf8.cfg 2022/07/14 v2.5.10 Caption with encoding UTF-8 (CTEX)
)) (C:\Users\leoli\AppData\Local\Programs\MiKTeX\tex/latex/ctex\ctex-c5size.clo
File: ctex-c5size.clo 2022/07/14 v2.5.10 c5size option (CTEX)
) (C:\Users\leoli\AppData\Local\Programs\MiKTeX\tex/latex/ctex/fontset\ctex-fontset-windows.def
File: ctex-fontset-windows.def 2022/07/14 v2.5.10 Windows fonts definition (CTEX)
)) (C:\Users\leoli\AppData\Local\Programs\MiKTeX\tex/latex/ctex/config\ctex.cfg
File: ctex.cfg 2022/07/14 v2.5.10 Configuration file (CTEX)
) (C:\Users\leoli\AppData\Local\Programs\MiKTeX\tex/latex/graphics\graphicx.sty
Package: graphicx 2021/09/16 v1.2d Enhanced LaTeX Graphics (DPC,SPQR)
 (C:\Users\leoli\AppData\Local\Programs\MiKTeX\tex/latex/graphics\keyval.sty
Package: keyval 2022/05/29 v1.15 key=value parser (DPC)
\KV@toks@=\toks19
) (C:\Users\leoli\AppData\Local\Programs\MiKTeX\tex/latex/graphics\graphics.sty
Package: graphics 2024/08/06 v1.4g Standard LaTeX Graphics (DPC,SPQR)
 (C:\Users\leoli\AppData\Local\Programs\MiKTeX\tex/latex/graphics\trig.sty
Package: trig 2023/12/02 v1.11 sin cos tan (DPC)
) (C:\Users\leoli\AppData\Local\Programs\MiKTeX\tex/latex/graphics-cfg\graphics.cfg
File: graphics.cfg 2016/06/04 v1.11 sample graphics configuration
)
Package graphics Info: Driver file: pdftex.def on input line 106.
 (C:\Users\leoli\AppData\Local\Programs\MiKTeX\tex/latex/graphics-def\pdftex.def
File: pdftex.def 2024/04/13 v1.2c Graphics/color driver for pdftex
))
\Gin@req@height=\dimen145
\Gin@req@width=\dimen146
) (C:\Users\leoli\AppData\Local\Programs\MiKTeX\tex/latex/amsmath\amsmath.sty
Package: amsmath 2024/11/05 v2.17t AMS math features
\@mathmargin=\skip53

For additional information on amsmath, use the `?' option.
(C:\Users\leoli\AppData\Local\Programs\MiKTeX\tex/latex/amsmath\amstext.sty
Package: amstext 2021/08/26 v2.01 AMS text
 (C:\Users\leoli\AppData\Local\Programs\MiKTeX\tex/latex/amsmath\amsgen.sty
File: amsgen.sty 1999/11/30 v2.0 generic functions
\@emptytoks=\toks20
\ex@=\dimen147
)) (C:\Users\leoli\AppData\Local\Programs\MiKTeX\tex/latex/amsmath\amsbsy.sty
Package: amsbsy 1999/11/29 v1.2d Bold Symbols
\pmbraise@=\dimen148
) (C:\Users\leoli\AppData\Local\Programs\MiKTeX\tex/latex/amsmath\amsopn.sty
Package: amsopn 2022/04/08 v2.04 operator names
)
\inf@bad=\count281
LaTeX Info: Redefining \frac on input line 233.
\uproot@=\count282
\leftroot@=\count283
LaTeX Info: Redefining \overline on input line 398.
LaTeX Info: Redefining \colon on input line 409.
\classnum@=\count284
\DOTSCASE@=\count285
LaTeX Info: Redefining \ldots on input line 495.
LaTeX Info: Redefining \dots on input line 498.
LaTeX Info: Redefining \cdots on input line 619.
\Mathstrutbox@=\box55
\strutbox@=\box56
LaTeX Info: Redefining \big on input line 721.
LaTeX Info: Redefining \Big on input line 722.
LaTeX Info: Redefining \bigg on input line 723.
LaTeX Info: Redefining \Bigg on input line 724.
\big@size=\dimen149
LaTeX Font Info:    Redeclaring font encoding OML on input line 742.
LaTeX Font Info:    Redeclaring font encoding OMS on input line 743.
\macc@depth=\count286
LaTeX Info: Redefining \bmod on input line 904.
LaTeX Info: Redefining \pmod on input line 909.
LaTeX Info: Redefining \smash on input line 939.
LaTeX Info: Redefining \relbar on input line 969.
LaTeX Info: Redefining \Relbar on input line 970.
\c@MaxMatrixCols=\count287
\dotsspace@=\muskip17
\c@parentequation=\count288
\dspbrk@lvl=\count289
\tag@help=\toks21
\row@=\count290
\column@=\count291
\maxfields@=\count292
\andhelp@=\toks22
\eqnshift@=\dimen150
\alignsep@=\dimen151
\tagshift@=\dimen152
\tagwidth@=\dimen153
\totwidth@=\dimen154
\lineht@=\dimen155
\@envbody=\toks23
\multlinegap=\skip54
\multlinetaggap=\skip55
\mathdisplay@stack=\toks24
LaTeX Info: Redefining \[ on input line 2953.
LaTeX Info: Redefining \] on input line 2954.
) (C:\Users\leoli\AppData\Local\Programs\MiKTeX\tex/latex/amsfonts\amssymb.sty
Package: amssymb 2013/01/14 v3.01 AMS font symbols
 (C:\Users\leoli\AppData\Local\Programs\MiKTeX\tex/latex/amsfonts\amsfonts.sty
Package: amsfonts 2013/01/14 v3.01 Basic AMSFonts support
\symAMSa=\mathgroup4
\symAMSb=\mathgroup5
LaTeX Font Info:    Redeclaring math symbol \hbar on input line 98.
LaTeX Font Info:    Overwriting math alphabet `\mathfrak' in version `bold'
(Font)                  U/euf/m/n --> U/euf/b/n on input line 106.
)) (C:\Users\leoli\AppData\Local\Programs\MiKTeX\tex/latex/amscls\amsthm.sty
Package: amsthm 2020/05/29 v2.20.6
\thm@style=\toks25
\thm@bodyfont=\toks26
\thm@headfont=\toks27
\thm@notefont=\toks28
\thm@headpunct=\toks29
\thm@preskip=\skip56
\thm@postskip=\skip57
\thm@headsep=\skip58
\dth@everypar=\toks30
) (C:\Users\leoli\AppData\Local\Programs\MiKTeX\tex/latex/physics\physics.sty
Package: physics 
 (C:\Users\leoli\AppData\Local\Programs\MiKTeX\tex/latex/l3packages/xparse\xparse.sty
Package: xparse 2024-08-16 L3 Experimental document command parser
)) (C:\Users\leoli\AppData\Local\Programs\MiKTeX\tex/latex/float\float.sty
Package: float 2001/11/08 v1.3d Float enhancements (AL)
\c@float@type=\count293
\float@exts=\toks31
\float@box=\box57
\@float@everytoks=\toks32
\@floatcapt=\box58
) (C:\Users\leoli\AppData\Local\Programs\MiKTeX\tex/latex/hyphenat\hyphenat.sty
Package: hyphenat 2009/09/02 v2.3c hyphenation utilities
\langwohyphens=\language79
LaTeX Info: Redefining \_ on input line 43.
) (C:\Users\leoli\AppData\Local\Programs\MiKTeX\tex/latex/blindtext\blindtext.sty
Package: blindtext 2012/01/06 V2.0 blindtext-Package
 (C:\Users\leoli\AppData\Local\Programs\MiKTeX\tex/latex/tools\xspace.sty
Package: xspace 2014/10/28 v1.13 Space after command names (DPC,MH)
)
\c@blindtext=\count294
\c@Blindtext=\count295
\c@blind@countparstart=\count296
\blind@countxx=\count297
\blindtext@numBlindtext=\count298
\blind@countyy=\count299
\c@blindlist=\count300
\c@blindlistlevel=\count301
\c@blindlist@level=\count302
\blind@listitem=\count303
\c@blind@listcount=\count304
\c@blind@levelcount=\count305
\blind@mathformula=\count306
\blind@Mathformula=\count307
\c@blind@randomcount=\count308
\c@blind@randommax=\count309
\c@blind@pangramcount=\count310
\c@blind@pangrammax=\count311
) (C:\Users\leoli\AppData\Local\Programs\MiKTeX\tex/latex/parskip\parskip.sty
Package: parskip 2021-03-14 v2.0h non-zero parskip adjustments
 (C:\Users\leoli\AppData\Local\Programs\MiKTeX\tex/latex/kvoptions\kvoptions.sty
Package: kvoptions 2022-06-15 v3.15 Key value format for package options (HO)
 (C:\Users\leoli\AppData\Local\Programs\MiKTeX\tex/generic/ltxcmds\ltxcmds.sty
Package: ltxcmds 2023-12-04 v1.26 LaTeX kernel commands for general use (HO)
) (C:\Users\leoli\AppData\Local\Programs\MiKTeX\tex/latex/kvsetkeys\kvsetkeys.sty
Package: kvsetkeys 2022-10-05 v1.19 Key value parser (HO)
)) (C:\Users\leoli\AppData\Local\Programs\MiKTeX\tex/latex/etoolbox\etoolbox.sty
Package: etoolbox 2020/10/05 v2.5k e-TeX tools for LaTeX (JAW)
\etb@tempcnta=\count312
)
Couldn't patch \@startsection
Couldn't patch \@xsect
) (C:\Users\leoli\AppData\Local\Programs\MiKTeX\tex/latex/geometry\geometry.sty
Package: geometry 2020/01/02 v5.9 Page Geometry
 (C:\Users\leoli\AppData\Local\Programs\MiKTeX\tex/generic/iftex\ifvtex.sty
Package: ifvtex 2019/10/25 v1.7 ifvtex legacy package. Use iftex instead.
)
\Gm@cnth=\count313
\Gm@cntv=\count314
\c@Gm@tempcnt=\count315
\Gm@bindingoffset=\dimen156
\Gm@wd@mp=\dimen157
\Gm@odd@mp=\dimen158
\Gm@even@mp=\dimen159
\Gm@layoutwidth=\dimen160
\Gm@layoutheight=\dimen161
\Gm@layouthoffset=\dimen162
\Gm@layoutvoffset=\dimen163
\Gm@dimlist=\toks33
 (C:\Users\leoli\AppData\Local\Programs\MiKTeX\tex/latex/geometry\geometry.cfg)) (C:\Users\leoli\AppData\Local\Programs\MiKTeX\tex/latex/caption\subcaption.sty
Package: subcaption 2023/07/28 v1.6b Sub-captions (AR)
 (C:\Users\leoli\AppData\Local\Programs\MiKTeX\tex/latex/caption\caption.sty
Package: caption 2023/08/05 v3.6o Customizing captions (AR)
 (C:\Users\leoli\AppData\Local\Programs\MiKTeX\tex/latex/caption\caption3.sty
Package: caption3 2023/07/31 v2.4d caption3 kernel (AR)
\caption@tempdima=\dimen164
\captionmargin=\dimen165
\caption@leftmargin=\dimen166
\caption@rightmargin=\dimen167
\caption@width=\dimen168
\caption@indent=\dimen169
\caption@parindent=\dimen170
\caption@hangindent=\dimen171
Package caption Info: Standard document class detected.
)
\c@caption@flags=\count316
\c@continuedfloat=\count317
Package caption Info: float package is loaded.
)
Package caption Info: New subtype `subfigure' on input line 238.
\c@subfigure=\count318
Package caption Info: New subtype `subtable' on input line 238.
\c@subtable=\count319
) (C:\Users\leoli\AppData\Local\Programs\MiKTeX\tex/latex/cjk/UTF8\UTF8.enc
File: UTF8.enc 2021/10/16 4.8.5
) (C:\Users\leoli\AppData\Local\Programs\MiKTeX\tex/latex/cjk/UTF8\UTF8.chr
File: UTF8.chr 2021/10/16 4.8.5
) (京粤联赛.aux)
\openout1 = `京粤联赛.aux'.

LaTeX Font Info:    Checking defaults for OML/cmm/m/it on input line 14.
LaTeX Font Info:    ... okay on input line 14.
LaTeX Font Info:    Checking defaults for OMS/cmsy/m/n on input line 14.
LaTeX Font Info:    ... okay on input line 14.
LaTeX Font Info:    Checking defaults for OT1/cmr/m/n on input line 14.
LaTeX Font Info:    ... okay on input line 14.
LaTeX Font Info:    Checking defaults for T1/cmr/m/n on input line 14.
LaTeX Font Info:    ... okay on input line 14.
LaTeX Font Info:    Checking defaults for TS1/cmr/m/n on input line 14.
LaTeX Font Info:    ... okay on input line 14.
LaTeX Font Info:    Checking defaults for OMX/cmex/m/n on input line 14.
LaTeX Font Info:    ... okay on input line 14.
LaTeX Font Info:    Checking defaults for U/cmr/m/n on input line 14.
LaTeX Font Info:    ... okay on input line 14.
LaTeX Font Info:    Checking defaults for C00/song/m/n on input line 14.
LaTeX Font Info:    ... okay on input line 14.
LaTeX Font Info:    Checking defaults for C05/song/m/n on input line 14.
LaTeX Font Info:    ... okay on input line 14.
LaTeX Font Info:    Checking defaults for C09/song/m/n on input line 14.
LaTeX Font Info:    ... okay on input line 14.
LaTeX Font Info:    Checking defaults for C10/song/m/n on input line 14.
LaTeX Font Info:    ... okay on input line 14.
LaTeX Font Info:    Checking defaults for C20/song/m/n on input line 14.
LaTeX Font Info:    ... okay on input line 14.
LaTeX Font Info:    Checking defaults for C19/song/m/n on input line 14.
LaTeX Font Info:    ... okay on input line 14.
LaTeX Font Info:    Checking defaults for C40/song/m/n on input line 14.
LaTeX Font Info:    ... okay on input line 14.
LaTeX Font Info:    Checking defaults for C42/song/m/n on input line 14.
LaTeX Font Info:    ... okay on input line 14.
LaTeX Font Info:    Checking defaults for C43/song/m/n on input line 14.
LaTeX Font Info:    ... okay on input line 14.
LaTeX Font Info:    Checking defaults for C50/song/m/n on input line 14.
LaTeX Font Info:    ... okay on input line 14.
LaTeX Font Info:    Checking defaults for C52/song/m/n on input line 14.
LaTeX Font Info:    ... okay on input line 14.
LaTeX Font Info:    Checking defaults for C49/song/m/n on input line 14.
LaTeX Font Info:    ... okay on input line 14.
LaTeX Font Info:    Checking defaults for C60/mj/m/n on input line 14.
LaTeX Font Info:    ... okay on input line 14.
LaTeX Font Info:    Checking defaults for C61/mj/m/n on input line 14.
LaTeX Font Info:    ... okay on input line 14.
LaTeX Font Info:    Checking defaults for C63/mj/m/n on input line 14.
LaTeX Font Info:    ... okay on input line 14.
LaTeX Font Info:    Checking defaults for C64/mj/m/n on input line 14.
LaTeX Font Info:    ... okay on input line 14.
LaTeX Font Info:    Checking defaults for C65/mj/m/n on input line 14.
LaTeX Font Info:    ... okay on input line 14.
LaTeX Font Info:    Checking defaults for C70/song/m/n on input line 14.
LaTeX Font Info:    ... okay on input line 14.
LaTeX Font Info:    Checking defaults for C31/song/m/n on input line 14.
LaTeX Font Info:    ... okay on input line 14.
LaTeX Font Info:    Checking defaults for C32/song/m/n on input line 14.
LaTeX Font Info:    ... okay on input line 14.
LaTeX Font Info:    Checking defaults for C33/song/m/n on input line 14.
LaTeX Font Info:    ... okay on input line 14.
LaTeX Font Info:    Checking defaults for C34/song/m/n on input line 14.
LaTeX Font Info:    ... okay on input line 14.
LaTeX Font Info:    Checking defaults for C35/song/m/n on input line 14.
LaTeX Font Info:    ... okay on input line 14.
LaTeX Font Info:    Checking defaults for C36/song/m/n on input line 14.
LaTeX Font Info:    ... okay on input line 14.
LaTeX Font Info:    Checking defaults for C37/song/m/n on input line 14.
LaTeX Font Info:    ... okay on input line 14.
LaTeX Font Info:    Checking defaults for C80/song/m/n on input line 14.
LaTeX Font Info:    ... okay on input line 14.
LaTeX Font Info:    Checking defaults for C81/song/m/n on input line 14.
LaTeX Font Info:    ... okay on input line 14.
LaTeX Font Info:    Checking defaults for C01/song/m/n on input line 14.
LaTeX Font Info:    ... okay on input line 14.
LaTeX Font Info:    Checking defaults for C11/song/m/n on input line 14.
LaTeX Font Info:    ... okay on input line 14.
LaTeX Font Info:    Checking defaults for C21/song/m/n on input line 14.
LaTeX Font Info:    ... okay on input line 14.
LaTeX Font Info:    Checking defaults for C41/song/m/n on input line 14.
LaTeX Font Info:    ... okay on input line 14.
LaTeX Font Info:    Checking defaults for C62/song/m/n on input line 14.
LaTeX Font Info:    ... okay on input line 14.
 (C:\Users\leoli\AppData\Local\Programs\MiKTeX\tex/context/base/mkii\supp-pdf.mkii
[Loading MPS to PDF converter (version 2006.09.02).]
\scratchcounter=\count320
\scratchdimen=\dimen172
\scratchbox=\box59
\nofMPsegments=\count321
\nofMParguments=\count322
\everyMPshowfont=\toks34
\MPscratchCnt=\count323
\MPscratchDim=\dimen173
\MPnumerator=\count324
\makeMPintoPDFobject=\count325
\everyMPtoPDFconversion=\toks35
) (C:\Users\leoli\AppData\Local\Programs\MiKTeX\tex/latex/epstopdf-pkg\epstopdf-base.sty
Package: epstopdf-base 2020-01-24 v2.11 Base part for package epstopdf
Package epstopdf-base Info: Redefining graphics rule for `.eps' on input line 485.
 (C:\Users\leoli\AppData\Local\Programs\MiKTeX\tex/latex/00miktex\epstopdf-sys.cfg
File: epstopdf-sys.cfg 2021/03/18 v2.0 Configuration of epstopdf for MiKTeX
))
*geometry* driver: auto-detecting
*geometry* detected driver: pdftex
*geometry* verbose mode - [ preamble ] result:
* driver: pdftex
* paper: letterpaper
* layout: <same size as paper>
* layoutoffset:(h,v)=(0.0pt,0.0pt)
* modes: 
* h-part:(L,W,R)=(85.35826pt, 436.79155pt, 92.14519pt)
* v-part:(T,H,B)=(85.35826pt, 624.25346pt, 85.35826pt)
* \paperwidth=614.295pt
* \paperheight=794.96999pt
* \textwidth=436.79155pt
* \textheight=624.25346pt
* \oddsidemargin=13.08827pt
* \evensidemargin=13.08827pt
* \topmargin=-23.91173pt
* \headheight=12.0pt
* \headsep=25.0pt
* \topskip=10.0pt
* \footskip=30.0pt
* \marginparwidth=65.0pt
* \marginparsep=11.0pt
* \columnsep=10.0pt
* \skip\footins=9.0pt plus 4.0pt minus 2.0pt
* \hoffset=0.0pt
* \voffset=0.0pt
* \mag=1000
* \@twocolumnfalse
* \@twosidefalse
* \@mparswitchfalse
* \@reversemarginfalse
* (1in=72.27pt=25.4mm, 1cm=28.453pt)

Package caption Info: Begin \AtBeginDocument code.
Package caption Info: End \AtBeginDocument code.
LaTeX Font Info:    Trying to load font information for C70+rm on input line 15.
(C:\Users\leoli\AppData\Local\Programs\MiKTeX\tex/latex/ctex/fd\c70rm.fd
File: c70rm.fd 2022/07/14 v2.5.10 Chinese font definition (CTEX)
)
Package CJKpunct Info: use punctuation spaces for family 'rm' with punctstyle (quanjiao) on input line 16.
LaTeX Font Info:    Trying to load font information for U+msa on input line 25.
 (C:\Users\leoli\AppData\Local\Programs\MiKTeX\tex/latex/amsfonts\umsa.fd
File: umsa.fd 2013/01/14 v3.01 AMS symbols A
)
LaTeX Font Info:    Trying to load font information for U+msb on input line 25.
 (C:\Users\leoli\AppData\Local\Programs\MiKTeX\tex/latex/amsfonts\umsb.fd
File: umsb.fd 2013/01/14 v3.01 AMS symbols B
)

(C:\Users\leoli\AppData\Local\Programs\MiKTeX\tex/generic/ctex/zhmap\ctex-zhmap-windows.tex
File: ctex-zhmap-windows.tex 2022/07/14 v2.5.10 Windows font map loader for pdfTeX and DVIPDFMx (CTEX)
{C:/Users/leoli/AppData/Local/MiKTeX/fonts/map/pdftex/pdftex.map}{UGBK.sfd}{Unicode.sfd}) [1

]
<Galileo.png, id=130, 257.16075pt x 158.39175pt>
File: Galileo.png Graphic file (type png)
<use Galileo.png>
Package pdftex.def Info: Galileo.png  used on input line 51.
(pdftex.def)             Requested size: 284.52756pt x 175.24895pt.


[2 <./Galileo.png>]

[3] (京粤联赛.aux)
 ***********
LaTeX2e <2024-11-01>
L3 programming layer <2022/07/14>
 ***********
 ) 
Here is how much of TeX's memory you used:
 10907 strings out of 473682
 199628 string characters out of 5719216
 587829 words of memory out of 5000000
 33659 multiletter control sequences out of 15000+600000
 588220 words of font info for 145 fonts, out of 8000000 for 9000
 1141 hyphenation exceptions out of 8191
 80i,7n,88p,811b,369s stack positions out of 10000i,1000n,20000p,200000b,200000s
<C:/WINDOWS/Fonts/simsun.ttc><C:/WINDOWS/Fonts/simsun.ttc><C:/WINDOWS/Fonts/simsun.ttc><C:/WINDOWS/Fonts/simsun.ttc><C:/WINDOWS/Fonts/simsun.ttc><C:/WINDOWS/Fonts/simhei.ttf><C:/WINDOWS/Fonts/simhei.ttf><C:/WINDOWS/Fonts/simhei.ttf><C:/WINDOWS/Fonts/simsun.ttc><C:/WINDOWS/Fonts/simsun.ttc><C:/WINDOWS/Fonts/simsun.ttc><C:/WINDOWS/Fonts/simsun.ttc><C:/WINDOWS/Fonts/simsun.ttc><C:/WINDOWS/Fonts/simsun.ttc><C:/WINDOWS/Fonts/simsun.ttc><C:/WINDOWS/Fonts/simsun.ttc><C:/WINDOWS/Fonts/simsun.ttc><C:/WINDOWS/Fonts/simsun.ttc><C:/WINDOWS/Fonts/simsun.ttc><C:/WINDOWS/Fonts/simsun.ttc><C:/WINDOWS/Fonts/simsun.ttc><C:/WINDOWS/Fonts/simhei.ttf><C:/WINDOWS/Fonts/simhei.ttf><C:/WINDOWS/Fonts/simsun.ttc><C:/WINDOWS/Fonts/simsun.ttc><C:/WINDOWS/Fonts/simsun.ttc><C:/WINDOWS/Fonts/simsun.ttc><C:/WINDOWS/Fonts/simsun.ttc><C:/WINDOWS/Fonts/simsun.ttc><C:/WINDOWS/Fonts/simsun.ttc><C:/WINDOWS/Fonts/simsun.ttc><C:/WINDOWS/Fonts/simsun.ttc><C:/WINDOWS/Fonts/simhei.ttf><C:/WINDOWS/Fonts/simhei.ttf><C:/WINDOWS/Fonts/simsun.ttc><C:/WINDOWS/Fonts/simsun.ttc><C:/WINDOWS/Fonts/simsun.ttc><C:/WINDOWS/Fonts/simsun.ttc><C:/WINDOWS/Fonts/simsun.ttc><C:/WINDOWS/Fonts/simsun.ttc><C:/WINDOWS/Fonts/simsun.ttc><C:/WINDOWS/Fonts/simsun.ttc><C:/WINDOWS/Fonts/simsun.ttc><C:/WINDOWS/Fonts/simsun.ttc><C:/WINDOWS/Fonts/simsun.ttc><C:/WINDOWS/Fonts/simsun.ttc><C:/WINDOWS/Fonts/simsun.ttc><C:/WINDOWS/Fonts/simsun.ttc><C:/WINDOWS/Fonts/simsun.ttc><C:/WINDOWS/Fonts/simsun.ttc><C:/WINDOWS/Fonts/simsun.ttc><C:/WINDOWS/Fonts/simsun.ttc><C:/WINDOWS/Fonts/simsun.ttc><C:/WINDOWS/Fonts/simsun.ttc><C:/WINDOWS/Fonts/simsun.ttc><C:/WINDOWS/Fonts/simsun.ttc><C:/WINDOWS/Fonts/simsun.ttc><C:/WINDOWS/Fonts/simsun.ttc><C:/WINDOWS/Fonts/simsun.ttc><C:/WINDOWS/Fonts/simsun.ttc><C:/WINDOWS/Fonts/simsun.ttc><C:/WINDOWS/Fonts/simsun.ttc><C:/WINDOWS/Fonts/simsun.ttc><C:/WINDOWS/Fonts/simhei.ttf><C:/WINDOWS/Fonts/simhei.ttf><C:/WINDOWS/Fonts/simhei.ttf><C:/WINDOWS/Fonts/simhei.ttf><C:/WINDOWS/Fonts/simhei.ttf><C:/WINDOWS/Fonts/simsun.ttc><C:/WINDOWS/Fonts/simsun.ttc><C:/WINDOWS/Fonts/simsun.ttc><C:/WINDOWS/Fonts/simsun.ttc><C:/WINDOWS/Fonts/simsun.ttc><C:/Users/leoli/AppData/Local/Programs/MiKTeX/fonts/type1/public/amsfonts/cm/cmbx10.pfb><C:/Users/leoli/AppData/Local/Programs/MiKTeX/fonts/type1/public/amsfonts/cm/cmbx12.pfb><C:/Users/leoli/AppData/Local/Programs/MiKTeX/fonts/type1/public/amsfonts/cm/cmex10.pfb><C:/Users/leoli/AppData/Local/Programs/MiKTeX/fonts/type1/public/amsfonts/cm/cmmi10.pfb><C:/Users/leoli/AppData/Local/Programs/MiKTeX/fonts/type1/public/amsfonts/cm/cmr10.pfb><C:/Users/leoli/AppData/Local/Programs/MiKTeX/fonts/type1/public/amsfonts/cm/cmr7.pfb><C:/Users/leoli/AppData/Local/Programs/MiKTeX/fonts/type1/public/amsfonts/cm/cmsl10.pfb><C:/Users/leoli/AppData/Local/Programs/MiKTeX/fonts/type1/public/amsfonts/cm/cmsy10.pfb><C:/Users/leoli/AppData/Local/Programs/MiKTeX/fonts/type1/public/amsfonts/cm/cmsy7.pfb>
Output written on 京粤联赛.pdf (3 pages, 467115 bytes).
PDF statistics:
 409 PDF objects out of 1000 (max. 8388607)
 0 named destinations out of 1000 (max. 500000)
 234 words of extra memory for PDF output out of 10000 (max. 10000000)

